<?xml version="1.0" encoding="UTF-8"?>
<coverage generated="1784030958020" clover="3.2.0">
  <project timestamp="1784030958020" name="All files">
    <metrics statements="52" coveredstatements="52" conditionals="53" coveredconditionals="50" methods="9" coveredmethods="9" elements="114" coveredelements="111" complexity="0" loc="52" ncloc="52" packages="1" files="3" classes="3"/>
    <file name="bridge.ts" path="/Users/yangheejun/App/jaringobe/mobile/src/bridge.ts">
      <metrics statements="20" coveredstatements="20" conditionals="19" coveredconditionals="18" methods="3" coveredmethods="3"/>
      <line num="10" count="1" type="stmt"/>
      <line num="37" count="1" type="stmt"/>
      <line num="40" count="18" type="cond" truecount="2" falsecount="0"/>
      <line num="45" count="2" type="stmt"/>
      <line num="53" count="13" type="cond" truecount="2" falsecount="0"/>
      <line num="55" count="11" type="stmt"/>
      <line num="56" count="11" type="stmt"/>
      <line num="58" count="1" type="stmt"/>
      <line num="60" count="10" type="cond" truecount="1" falsecount="1"/>
      <line num="61" count="10" type="cond" truecount="2" falsecount="0"/>
      <line num="62" count="8" type="stmt"/>
      <line num="63" count="8" type="cond" truecount="2" falsecount="0"/>
      <line num="65" count="7" type="cond" truecount="5" falsecount="0"/>
      <line num="67" count="1" type="stmt"/>
      <line num="69" count="1" type="stmt"/>
      <line num="72" count="1" type="stmt"/>
      <line num="74" count="3" type="stmt"/>
      <line num="75" count="3" type="cond" truecount="4" falsecount="0"/>
      <line num="76" count="2" type="stmt"/>
      <line num="86" count="1" type="stmt"/>
    </file>
    <file name="config.ts" path="/Users/yangheejun/App/jaringobe/mobile/src/config.ts">
      <metrics statements="5" coveredstatements="5" conditionals="2" coveredconditionals="2" methods="1" coveredmethods="1"/>
      <line num="6" count="1" type="stmt"/>
      <line num="9" count="1" type="cond" truecount="2" falsecount="0"/>
      <line num="17" count="17" type="stmt"/>
      <line num="18" count="17" type="stmt"/>
      <line num="20" count="3" type="stmt"/>
    </file>
    <file name="deeplink.ts" path="/Users/yangheejun/App/jaringobe/mobile/src/deeplink.ts">
      <metrics statements="27" coveredstatements="27" conditionals="32" coveredconditionals="30" methods="5" coveredmethods="5"/>
      <line num="20" count="2" type="stmt"/>
      <line num="27" count="17" type="cond" truecount="4" falsecount="0"/>
      <line num="28" count="13" type="cond" truecount="4" falsecount="0"/>
      <line num="29" count="6" type="cond" truecount="4" falsecount="0"/>
      <line num="30" count="5" type="stmt"/>
      <line num="35" count="5" type="stmt"/>
      <line num="36" count="5" type="stmt"/>
      <line num="37" count="7" type="cond" truecount="2" falsecount="0"/>
      <line num="38" count="6" type="stmt"/>
      <line num="39" count="6" type="cond" truecount="1" falsecount="1"/>
      <line num="40" count="6" type="cond" truecount="1" falsecount="1"/>
      <line num="41" count="6" type="stmt"/>
      <line num="42" count="6" type="stmt"/>
      <line num="47" count="5" type="stmt"/>
      <line num="55" count="8" type="stmt"/>
      <line num="56" count="8" type="cond" truecount="2" falsecount="0"/>
      <line num="57" count="5" type="cond" truecount="2" falsecount="0"/>
      <line num="59" count="5" type="stmt"/>
      <line num="60" count="5" type="cond" truecount="4" falsecount="0"/>
      <line num="61" count="2" type="stmt"/>
      <line num="64" count="3" type="stmt"/>
      <line num="66" count="3" type="cond" truecount="4" falsecount="0"/>
      <line num="67" count="3" type="stmt"/>
      <line num="76" count="2" type="cond" truecount="2" falsecount="0"/>
      <line num="77" count="1" type="stmt"/>
      <line num="79" count="1" type="stmt"/>
      <line num="84" count="3" type="stmt"/>
    </file>
  </project>
</coverage>
