{"/Users/yangheejun/App/jaringobe/mobile/src/bridge.ts": {"path":"/Users/yangheejun/App/jaringobe/mobile/src/bridge.ts","statementMap":{"0":{"start":{"line":10,"column":30},"end":{"line":10,"column":40}},"1":{"start":{"line":37,"column":43},"end":{"line":37,"column":71}},"2":{"start":{"line":40,"column":2},"end":{"line":40,"column":53}},"3":{"start":{"line":45,"column":2},"end":{"line":45,"column":33}},"4":{"start":{"line":53,"column":2},"end":{"line":53,"column":43}},"5":{"start":{"line":53,"column":31},"end":{"line":53,"column":43}},"6":{"start":{"line":55,"column":2},"end":{"line":59,"column":3}},"7":{"start":{"line":56,"column":4},"end":{"line":56,"column":27}},"8":{"start":{"line":58,"column":4},"end":{"line":58,"column":16}},"9":{"start":{"line":60,"column":2},"end":{"line":60,"column":35}},"10":{"start":{"line":60,"column":23},"end":{"line":60,"column":35}},"11":{"start":{"line":61,"column":2},"end":{"line":61,"column":45}},"12":{"start":{"line":61,"column":33},"end":{"line":61,"column":45}},"13":{"start":{"line":62,"column":18},"end":{"line":62,"column":30}},"14":{"start":{"line":63,"column":2},"end":{"line":63,"column":38}},"15":{"start":{"line":63,"column":26},"end":{"line":63,"column":38}},"16":{"start":{"line":65,"column":2},"end":{"line":87,"column":3}},"17":{"start":{"line":67,"column":6},"end":{"line":67,"column":81}},"18":{"start":{"line":69,"column":6},"end":{"line":69,"column":74}},"19":{"start":{"line":72,"column":6},"end":{"line":72,"column":70}},"20":{"start":{"line":74,"column":23},"end":{"line":74,"column":39}},"21":{"start":{"line":75,"column":6},"end":{"line":75,"column":91}},"22":{"start":{"line":75,"column":79},"end":{"line":75,"column":91}},"23":{"start":{"line":76,"column":6},"end":{"line":83,"column":8}},"24":{"start":{"line":86,"column":6},"end":{"line":86,"column":18}}},"fnMap":{"0":{"name":"isRecord","decl":{"start":{"line":39,"column":9},"end":{"line":39,"column":17}},"loc":{"start":{"line":39,"column":68},"end":{"line":41,"column":1}},"line":39},"1":{"name":"serializeAppMessage","decl":{"start":{"line":44,"column":16},"end":{"line":44,"column":35}},"loc":{"start":{"line":44,"column":70},"end":{"line":46,"column":1}},"line":44},"2":{"name":"parseWebMessage","decl":{"start":{"line":52,"column":16},"end":{"line":52,"column":31}},"loc":{"start":{"line":52,"column":70},"end":{"line":88,"column":1}},"line":52}},"branchMap":{"0":{"loc":{"start":{"line":40,"column":9},"end":{"line":40,"column":52}},"type":"binary-expr","locations":[{"start":{"line":40,"column":9},"end":{"line":40,"column":34}},{"start":{"line":40,"column":38},"end":{"line":40,"column":52}}],"line":40},"1":{"loc":{"start":{"line":53,"column":2},"end":{"line":53,"column":43}},"type":"if","locations":[{"start":{"line":53,"column":2},"end":{"line":53,"column":43}},{"start":{},"end":{}}],"line":53},"2":{"loc":{"start":{"line":60,"column":2},"end":{"line":60,"column":35}},"type":"if","locations":[{"start":{"line":60,"column":2},"end":{"line":60,"column":35}},{"start":{},"end":{}}],"line":60},"3":{"loc":{"start":{"line":61,"column":2},"end":{"line":61,"column":45}},"type":"if","locations":[{"start":{"line":61,"column":2},"end":{"line":61,"column":45}},{"start":{},"end":{}}],"line":61},"4":{"loc":{"start":{"line":63,"column":2},"end":{"line":63,"column":38}},"type":"if","locations":[{"start":{"line":63,"column":2},"end":{"line":63,"column":38}},{"start":{},"end":{}}],"line":63},"5":{"loc":{"start":{"line":65,"column":2},"end":{"line":87,"column":3}},"type":"switch","locations":[{"start":{"line":66,"column":4},"end":{"line":67,"column":81}},{"start":{"line":68,"column":4},"end":{"line":69,"column":74}},{"start":{"line":70,"column":4},"end":{"line":72,"column":70}},{"start":{"line":73,"column":4},"end":{"line":84,"column":5}},{"start":{"line":85,"column":4},"end":{"line":86,"column":18}}],"line":65},"6":{"loc":{"start":{"line":75,"column":6},"end":{"line":75,"column":91}},"type":"if","locations":[{"start":{"line":75,"column":6},"end":{"line":75,"column":91}},{"start":{},"end":{}}],"line":75},"7":{"loc":{"start":{"line":75,"column":10},"end":{"line":75,"column":77}},"type":"binary-expr","locations":[{"start":{"line":75,"column":10},"end":{"line":75,"column":38}},{"start":{"line":75,"column":42},"end":{"line":75,"column":77}}],"line":75}},"s":{"0":1,"1":1,"2":18,"3":2,"4":13,"5":2,"6":11,"7":11,"8":1,"9":10,"10":0,"11":10,"12":2,"13":8,"14":8,"15":1,"16":7,"17":1,"18":1,"19":1,"20":3,"21":3,"22":1,"23":2,"24":1},"f":{"0":18,"1":2,"2":13},"b":{"0":[18,17],"1":[2,11],"2":[0,10],"3":[2,8],"4":[1,7],"5":[1,1,1,3,1],"6":[1,2],"7":[3,3]},"_coverageSchema":"1a1c01bbd47fc00a2c39e90264f33305004495a9","hash":"cdbe4e280cd9c9980e9542d411c3d659b4467d79"}
,"/Users/yangheejun/App/jaringobe/mobile/src/config.ts": {"path":"/Users/yangheejun/App/jaringobe/mobile/src/config.ts","statementMap":{"0":{"start":{"line":6,"column":24},"end":{"line":6,"column":49}},"1":{"start":{"line":9,"column":23},"end":{"line":9,"column":95}},"2":{"start":{"line":17,"column":2},"end":{"line":21,"column":3}},"3":{"start":{"line":18,"column":4},"end":{"line":18,"column":58}},"4":{"start":{"line":20,"column":4},"end":{"line":20,"column":17}}},"fnMap":{"0":{"name":"isInternalUrl","decl":{"start":{"line":16,"column":16},"end":{"line":16,"column":29}},"loc":{"start":{"line":16,"column":68},"end":{"line":22,"column":1}},"line":16}},"branchMap":{"0":{"loc":{"start":{"line":9,"column":24},"end":{"line":9,"column":74}},"type":"binary-expr","locations":[{"start":{"line":9,"column":24},"end":{"line":9,"column":55}},{"start":{"line":9,"column":59},"end":{"line":9,"column":74}}],"line":9}},"s":{"0":1,"1":1,"2":17,"3":17,"4":3},"f":{"0":17},"b":{"0":[1,1]},"_coverageSchema":"1a1c01bbd47fc00a2c39e90264f33305004495a9","hash":"b8c131628715be45a2f793590a07309085dd3712"}
,"/Users/yangheejun/App/jaringobe/mobile/src/deeplink.ts": {"path":"/Users/yangheejun/App/jaringobe/mobile/src/deeplink.ts","statementMap":{"0":{"start":{"line":20,"column":28},"end":{"line":20,"column":49}},"1":{"start":{"line":27,"column":2},"end":{"line":27,"column":64}},"2":{"start":{"line":27,"column":53},"end":{"line":27,"column":64}},"3":{"start":{"line":28,"column":2},"end":{"line":28,"column":65}},"4":{"start":{"line":28,"column":54},"end":{"line":28,"column":65}},"5":{"start":{"line":29,"column":2},"end":{"line":29,"column":62}},"6":{"start":{"line":29,"column":51},"end":{"line":29,"column":62}},"7":{"start":{"line":30,"column":2},"end":{"line":30,"column":14}},"8":{"start":{"line":35,"column":41},"end":{"line":35,"column":43}},"9":{"start":{"line":36,"column":2},"end":{"line":46,"column":3}},"10":{"start":{"line":37,"column":4},"end":{"line":37,"column":30}},"11":{"start":{"line":37,"column":21},"end":{"line":37,"column":30}},"12":{"start":{"line":38,"column":22},"end":{"line":38,"column":39}},"13":{"start":{"line":39,"column":19},"end":{"line":39,"column":69}},"14":{"start":{"line":40,"column":21},"end":{"line":40,"column":70}},"15":{"start":{"line":41,"column":4},"end":{"line":45,"column":5}},"16":{"start":{"line":42,"column":6},"end":{"line":42,"column":72}},"17":{"start":{"line":47,"column":2},"end":{"line":47,"column":16}},"18":{"start":{"line":55,"column":16},"end":{"line":55,"column":62}},"19":{"start":{"line":56,"column":2},"end":{"line":56,"column":34}},"20":{"start":{"line":56,"column":22},"end":{"line":56,"column":34}},"21":{"start":{"line":57,"column":17},"end":{"line":57,"column":43}},"22":{"start":{"line":59,"column":15},"end":{"line":59,"column":26}},"23":{"start":{"line":60,"column":2},"end":{"line":62,"column":3}},"24":{"start":{"line":61,"column":4},"end":{"line":61,"column":83}},"25":{"start":{"line":64,"column":16},"end":{"line":64,"column":28}},"26":{"start":{"line":66,"column":4},"end":{"line":66,"column":94}},"27":{"start":{"line":67,"column":2},"end":{"line":67,"column":50}},"28":{"start":{"line":76,"column":2},"end":{"line":78,"column":3}},"29":{"start":{"line":77,"column":4},"end":{"line":77,"column":123}},"30":{"start":{"line":79,"column":2},"end":{"line":79,"column":67}},"31":{"start":{"line":84,"column":2},"end":{"line":84,"column":50}}},"fnMap":{"0":{"name":"sanitizeInternalPath","decl":{"start":{"line":26,"column":16},"end":{"line":26,"column":36}},"loc":{"start":{"line":26,"column":60},"end":{"line":31,"column":1}},"line":26},"1":{"name":"parseQuery","decl":{"start":{"line":34,"column":9},"end":{"line":34,"column":19}},"loc":{"start":{"line":34,"column":59},"end":{"line":48,"column":1}},"line":34},"2":{"name":"parseDeepLink","decl":{"start":{"line":54,"column":16},"end":{"line":54,"column":29}},"loc":{"start":{"line":54,"column":60},"end":{"line":68,"column":1}},"line":54},"3":{"name":"resolveDeepLinkUrl","decl":{"start":{"line":75,"column":16},"end":{"line":75,"column":34}},"loc":{"start":{"line":75,"column":75},"end":{"line":80,"column":1}},"line":75},"4":{"name":"pushPathToUrl","decl":{"start":{"line":83,"column":16},"end":{"line":83,"column":29}},"loc":{"start":{"line":83,"column":69},"end":{"line":85,"column":1}},"line":83}},"branchMap":{"0":{"loc":{"start":{"line":27,"column":2},"end":{"line":27,"column":64}},"type":"if","locations":[{"start":{"line":27,"column":2},"end":{"line":27,"column":64}},{"start":{},"end":{}}],"line":27},"1":{"loc":{"start":{"line":27,"column":6},"end":{"line":27,"column":51}},"type":"binary-expr","locations":[{"start":{"line":27,"column":6},"end":{"line":27,"column":30}},{"start":{"line":27,"column":34},"end":{"line":27,"column":51}}],"line":27},"2":{"loc":{"start":{"line":28,"column":2},"end":{"line":28,"column":65}},"type":"if","locations":[{"start":{"line":28,"column":2},"end":{"line":28,"column":65}},{"start":{},"end":{}}],"line":28},"3":{"loc":{"start":{"line":28,"column":6},"end":{"line":28,"column":52}},"type":"binary-expr","locations":[{"start":{"line":28,"column":6},"end":{"line":28,"column":27}},{"start":{"line":28,"column":31},"end":{"line":28,"column":52}}],"line":28},"4":{"loc":{"start":{"line":29,"column":2},"end":{"line":29,"column":62}},"type":"if","locations":[{"start":{"line":29,"column":2},"end":{"line":29,"column":62}},{"start":{},"end":{}}],"line":29},"5":{"loc":{"start":{"line":29,"column":6},"end":{"line":29,"column":49}},"type":"binary-expr","locations":[{"start":{"line":29,"column":6},"end":{"line":29,"column":26}},{"start":{"line":29,"column":30},"end":{"line":29,"column":49}}],"line":29},"6":{"loc":{"start":{"line":37,"column":4},"end":{"line":37,"column":30}},"type":"if","locations":[{"start":{"line":37,"column":4},"end":{"line":37,"column":30}},{"start":{},"end":{}}],"line":37},"7":{"loc":{"start":{"line":39,"column":19},"end":{"line":39,"column":69}},"type":"cond-expr","locations":[{"start":{"line":39,"column":38},"end":{"line":39,"column":42}},{"start":{"line":39,"column":45},"end":{"line":39,"column":69}}],"line":39},"8":{"loc":{"start":{"line":40,"column":21},"end":{"line":40,"column":70}},"type":"cond-expr","locations":[{"start":{"line":40,"column":40},"end":{"line":40,"column":42}},{"start":{"line":40,"column":45},"end":{"line":40,"column":70}}],"line":40},"9":{"loc":{"start":{"line":56,"column":2},"end":{"line":56,"column":34}},"type":"if","locations":[{"start":{"line":56,"column":2},"end":{"line":56,"column":34}},{"start":{},"end":{}}],"line":56},"10":{"loc":{"start":{"line":57,"column":28},"end":{"line":57,"column":42}},"type":"binary-expr","locations":[{"start":{"line":57,"column":28},"end":{"line":57,"column":36}},{"start":{"line":57,"column":40},"end":{"line":57,"column":42}}],"line":57},"11":{"loc":{"start":{"line":60,"column":2},"end":{"line":62,"column":3}},"type":"if","locations":[{"start":{"line":60,"column":2},"end":{"line":62,"column":3}},{"start":{},"end":{}}],"line":60},"12":{"loc":{"start":{"line":60,"column":6},"end":{"line":60,"column":49}},"type":"binary-expr","locations":[{"start":{"line":60,"column":6},"end":{"line":60,"column":30}},{"start":{"line":60,"column":34},"end":{"line":60,"column":49}}],"line":60},"13":{"loc":{"start":{"line":66,"column":4},"end":{"line":66,"column":94}},"type":"cond-expr","locations":[{"start":{"line":66,"column":67},"end":{"line":66,"column":72}},{"start":{"line":66,"column":75},"end":{"line":66,"column":94}}],"line":66},"14":{"loc":{"start":{"line":66,"column":4},"end":{"line":66,"column":64}},"type":"binary-expr","locations":[{"start":{"line":66,"column":4},"end":{"line":66,"column":29}},{"start":{"line":66,"column":33},"end":{"line":66,"column":64}}],"line":66},"15":{"loc":{"start":{"line":76,"column":2},"end":{"line":78,"column":3}},"type":"if","locations":[{"start":{"line":76,"column":2},"end":{"line":78,"column":3}},{"start":{},"end":{}}],"line":76}},"s":{"0":2,"1":17,"2":4,"3":13,"4":7,"5":6,"6":1,"7":5,"8":5,"9":5,"10":7,"11":1,"12":6,"13":6,"14":6,"15":6,"16":6,"17":5,"18":8,"19":8,"20":3,"21":5,"22":5,"23":5,"24":2,"25":3,"26":3,"27":3,"28":2,"29":1,"30":1,"31":3},"f":{"0":17,"1":5,"2":8,"3":2,"4":3},"b":{"0":[4,13],"1":[17,14],"2":[7,6],"3":[13,7],"4":[1,5],"5":[6,5],"6":[1,6],"7":[0,6],"8":[0,6],"9":[3,5],"10":[5,1],"11":[2,3],"12":[5,2],"13":[1,2],"14":[3,2],"15":[1,1]},"_coverageSchema":"1a1c01bbd47fc00a2c39e90264f33305004495a9","hash":"54bada05b326f56d68738c224be946167ae3d459"}
}
