TN:
SF:src/bridge.ts
FN:39,isRecord
FN:44,serializeAppMessage
FN:52,parseWebMessage
FNF:3
FNH:3
FNDA:18,isRecord
FNDA:2,serializeAppMessage
FNDA:13,parseWebMessage
DA:10,1
DA:37,1
DA:40,18
DA:45,2
DA:53,13
DA:55,11
DA:56,11
DA:58,1
DA:60,10
DA:61,10
DA:62,8
DA:63,8
DA:65,7
DA:67,1
DA:69,1
DA:72,1
DA:74,3
DA:75,3
DA:76,2
DA:86,1
LF:20
LH:20
BRDA:40,0,0,18
BRDA:40,0,1,17
BRDA:53,1,0,2
BRDA:53,1,1,11
BRDA:60,2,0,0
BRDA:60,2,1,10
BRDA:61,3,0,2
BRDA:61,3,1,8
BRDA:63,4,0,1
BRDA:63,4,1,7
BRDA:65,5,0,1
BRDA:65,5,1,1
BRDA:65,5,2,1
BRDA:65,5,3,3
BRDA:65,5,4,1
BRDA:75,6,0,1
BRDA:75,6,1,2
BRDA:75,7,0,3
BRDA:75,7,1,3
BRF:19
BRH:18
end_of_record
TN:
SF:src/config.ts
FN:16,isInternalUrl
FNF:1
FNH:1
FNDA:17,isInternalUrl
DA:6,1
DA:9,1
DA:17,17
DA:18,17
DA:20,3
LF:5
LH:5
BRDA:9,0,0,1
BRDA:9,0,1,1
BRF:2
BRH:2
end_of_record
TN:
SF:src/deeplink.ts
FN:26,sanitizeInternalPath
FN:34,parseQuery
FN:54,parseDeepLink
FN:75,resolveDeepLinkUrl
FN:83,pushPathToUrl
FNF:5
FNH:5
FNDA:17,sanitizeInternalPath
FNDA:5,parseQuery
FNDA:8,parseDeepLink
FNDA:2,resolveDeepLinkUrl
FNDA:3,pushPathToUrl
DA:20,2
DA:27,17
DA:28,13
DA:29,6
DA:30,5
DA:35,5
DA:36,5
DA:37,7
DA:38,6
DA:39,6
DA:40,6
DA:41,6
DA:42,6
DA:47,5
DA:55,8
DA:56,8
DA:57,5
DA:59,5
DA:60,5
DA:61,2
DA:64,3
DA:66,3
DA:67,3
DA:76,2
DA:77,1
DA:79,1
DA:84,3
LF:27
LH:27
BRDA:27,0,0,4
BRDA:27,0,1,13
BRDA:27,1,0,17
BRDA:27,1,1,14
BRDA:28,2,0,7
BRDA:28,2,1,6
BRDA:28,3,0,13
BRDA:28,3,1,7
BRDA:29,4,0,1
BRDA:29,4,1,5
BRDA:29,5,0,6
BRDA:29,5,1,5
BRDA:37,6,0,1
BRDA:37,6,1,6
BRDA:39,7,0,0
BRDA:39,7,1,6
BRDA:40,8,0,0
BRDA:40,8,1,6
BRDA:56,9,0,3
BRDA:56,9,1,5
BRDA:57,10,0,5
BRDA:57,10,1,1
BRDA:60,11,0,2
BRDA:60,11,1,3
BRDA:60,12,0,5
BRDA:60,12,1,2
BRDA:66,13,0,1
BRDA:66,13,1,2
BRDA:66,14,0,3
BRDA:66,14,1,2
BRDA:76,15,0,1
BRDA:76,15,1,1
BRF:32
BRH:30
end_of_record
