============================= test session starts ==============================
platform darwin -- Python 3.14.4, pytest-9.1.1, pluggy-1.6.0
rootdir: /Volumes/Development/App/.development/OrcaWorkspaces/jaringobe/jaringobe/수정-재료잔여2건/backend
configfile: pyproject.toml
plugins: cov-7.1.0, anyio-4.14.1, asyncio-1.4.0, respx-0.23.1
asyncio: mode=Mode.AUTO, debug=False, asyncio_default_fixture_loop_scope=function, asyncio_default_test_loop_scope=function
collected 547 items

tests/test_auth_app_login.py ...................                         [  3%]
tests/test_auth_oauth.py ...........................                     [  8%]
tests/test_auth_session.py .............                                 [ 10%]
tests/test_budget.py ...................................                 [ 17%]
tests/test_cycle.py ..............                                       [ 19%]
tests/test_cycle_scheduler.py .............                              [ 22%]
tests/test_delivery_expiry.py ..............                             [ 24%]
tests/test_fridge.py ........                                            [ 26%]
tests/test_household.py ........................                         [ 30%]
tests/test_ingredient_requirements.py .................................. [ 36%]
............................................                             [ 44%]
tests/test_mealplan.py ................................................. [ 53%]
....                                                                     [ 54%]
tests/test_mealplan_budget_period.py .........                           [ 56%]
tests/test_mealplan_fridge_hint.py ...                                   [ 56%]
tests/test_mealplan_generation_source.py ........................        [ 61%]
tests/test_mealplan_price_seed.py ......                                 [ 62%]
tests/test_mealplan_pricing.py ......................................... [ 69%]
                                                                         [ 69%]
tests/test_middleware.py .............                                   [ 72%]
tests/test_notification.py ................................              [ 77%]
tests/test_notification_scheduler.py ..............                      [ 80%]
tests/test_notification_sender.py .........................              [ 85%]
tests/test_order_cycle.py ...........                                    [ 87%]
tests/test_orders.py ............                                        [ 89%]
tests/test_security_unit.py .......................                      [ 93%]
tests/test_shopping_flow.py ...                                          [ 93%]
tests/test_store.py ..                                                   [ 94%]
tests/test_store_connections.py ..................                       [ 97%]
tests/test_user_region.py .............                                  [100%]

=============================== warnings summary ===============================
tests/test_auth_app_login.py: 13 warnings
tests/test_auth_oauth.py: 22 warnings
tests/test_auth_session.py: 8 warnings
tests/test_budget.py: 31 warnings
tests/test_cycle.py: 8 warnings
tests/test_delivery_expiry.py: 2 warnings
tests/test_fridge.py: 7 warnings
tests/test_household.py: 22 warnings
tests/test_mealplan.py: 41 warnings
tests/test_mealplan_budget_period.py: 9 warnings
tests/test_mealplan_generation_source.py: 4 warnings
tests/test_middleware.py: 2 warnings
tests/test_notification.py: 28 warnings
tests/test_notification_scheduler.py: 8 warnings
tests/test_notification_sender.py: 8 warnings
tests/test_order_cycle.py: 10 warnings
tests/test_orders.py: 12 warnings
tests/test_security_unit.py: 7 warnings
tests/test_shopping_flow.py: 2 warnings
tests/test_store.py: 1 warning
tests/test_store_connections.py: 16 warnings
tests/test_user_region.py: 12 warnings
  /Volumes/Development/App/.development/OrcaWorkspaces/jaringobe/jaringobe/수정-재료잔여2건/backend/.venv/lib/python3.14/site-packages/jwt/api_jwt.py:147: InsecureKeyLengthWarning: The HMAC key is 15 bytes long, which is below the minimum recommended length of 32 bytes for SHA256. See RFC 7518 Section 3.2.
    return self._jws.encode(

tests/test_auth_app_login.py: 13 warnings
tests/test_auth_oauth.py: 21 warnings
tests/test_auth_session.py: 8 warnings
tests/test_budget.py: 32 warnings
tests/test_cycle.py: 9 warnings
tests/test_delivery_expiry.py: 4 warnings
tests/test_fridge.py: 7 warnings
tests/test_household.py: 22 warnings
tests/test_mealplan.py: 41 warnings
tests/test_mealplan_budget_period.py: 9 warnings
tests/test_mealplan_generation_source.py: 4 warnings
tests/test_middleware.py: 2 warnings
tests/test_notification.py: 28 warnings
tests/test_notification_scheduler.py: 8 warnings
tests/test_notification_sender.py: 8 warnings
tests/test_order_cycle.py: 10 warnings
tests/test_orders.py: 12 warnings
tests/test_security_unit.py: 8 warnings
tests/test_shopping_flow.py: 2 warnings
tests/test_store.py: 1 warning
tests/test_store_connections.py: 16 warnings
tests/test_user_region.py: 12 warnings
  /Volumes/Development/App/.development/OrcaWorkspaces/jaringobe/jaringobe/수정-재료잔여2건/backend/.venv/lib/python3.14/site-packages/jwt/api_jwt.py:368: InsecureKeyLengthWarning: The HMAC key is 15 bytes long, which is below the minimum recommended length of 32 bytes for SHA256. See RFC 7518 Section 3.2.
    decoded = self.decode_complete(

tests/test_auth_app_login.py: 1 warning
tests/test_budget.py: 21 warnings
tests/test_cycle.py: 1 warning
tests/test_household.py: 14 warnings
tests/test_mealplan.py: 6 warnings
tests/test_notification.py: 14 warnings
tests/test_order_cycle.py: 2 warnings
tests/test_orders.py: 1 warning
tests/test_store_connections.py: 1 warning
tests/test_user_region.py: 7 warnings
  /Volumes/Development/App/.development/OrcaWorkspaces/jaringobe/jaringobe/수정-재료잔여2건/backend/.venv/lib/python3.14/site-packages/starlette/_exception_handler.py:59: StarletteDeprecationWarning: 'HTTP_422_UNPROCESSABLE_ENTITY' is deprecated. Use 'HTTP_422_UNPROCESSABLE_CONTENT' instead.
    response = await handler(conn, exc)  # type: ignore[arg-type]

tests/test_security_unit.py::TestAccessToken::test_wrong_signature_rejected
  /Volumes/Development/App/.development/OrcaWorkspaces/jaringobe/jaringobe/수정-재료잔여2건/backend/.venv/lib/python3.14/site-packages/jwt/api_jwt.py:147: InsecureKeyLengthWarning: The HMAC key is 12 bytes long, which is below the minimum recommended length of 32 bytes for SHA256. See RFC 7518 Section 3.2.
    return self._jws.encode(

-- Docs: https://docs.pytest.org/en/stable/how-to/capture-warnings.html
================================ tests coverage ================================
_______________ coverage: platform darwin, python 3.14.4-final-0 _______________

Name                                              Stmts   Miss  Cover
---------------------------------------------------------------------
app/__init__.py                                       0      0   100%
app/api/__init__.py                                   0      0   100%
app/api/v1/__init__.py                                0      0   100%
app/api/v1/router.py                                 24      0   100%
app/core/__init__.py                                  0      0   100%
app/core/config.py                                   55      0   100%
app/core/db.py                                       11      0   100%
app/core/deps.py                                     21      0   100%
app/core/errors.py                                   18      0   100%
app/core/logging.py                                  33      2    94%
app/core/ratelimit.py                                27      0   100%
app/core/schema.py                                    7      0   100%
app/core/security.py                                 59      0   100%
app/domains/__init__.py                               0      0   100%
app/domains/auth/__init__.py                          0      0   100%
app/domains/auth/adapters/__init__.py                 0      0   100%
app/domains/auth/adapters/base.py                    12      0   100%
app/domains/auth/adapters/google.py                  41      0   100%
app/domains/auth/adapters/kakao.py                   45      0   100%
app/domains/auth/models.py                           50      0   100%
app/domains/auth/router.py                           99      0   100%
app/domains/auth/schemas.py                           7      0   100%
app/domains/auth/service.py                         112      4    96%
app/domains/budget/__init__.py                        0      0   100%
app/domains/budget/models.py                         23      0   100%
app/domains/budget/router.py                         25      0   100%
app/domains/budget/schemas.py                        42      0   100%
app/domains/budget/service.py                        83      2    98%
app/domains/cycle/__init__.py                         0      0   100%
app/domains/cycle/models.py                          27      0   100%
app/domains/cycle/policy.py                         101      5    95%
app/domains/cycle/router.py                          22      0   100%
app/domains/cycle/scheduler.py                      131     50    62%
app/domains/cycle/schemas.py                         48      0   100%
app/domains/cycle/service.py                        335     22    93%
app/domains/fridge/__init__.py                        0      0   100%
app/domains/fridge/models.py                         22      0   100%
app/domains/fridge/router.py                         30      0   100%
app/domains/fridge/schemas.py                        31      0   100%
app/domains/fridge/service.py                        83      2    98%
app/domains/fridge/shelf_life.py                      9      0   100%
app/domains/household/__init__.py                     0      0   100%
app/domains/household/models.py                      17      0   100%
app/domains/household/router.py                      14      0   100%
app/domains/household/schemas.py                     16      0   100%
app/domains/household/service.py                     25      0   100%
app/domains/mealplan/__init__.py                      0      0   100%
app/domains/mealplan/fridge_hint.py                  75      8    89%
app/domains/mealplan/generation_source.py             4      0   100%
app/domains/mealplan/generator.py                   101      2    98%
app/domains/mealplan/ingredient_requirements.py     162      2    99%
app/domains/mealplan/llm.py                          48      2    96%
app/domains/mealplan/models.py                       64      0   100%
app/domains/mealplan/pantry_prices.py                22      1    95%
app/domains/mealplan/price_catalog.py                 8      0   100%
app/domains/mealplan/pricing.py                      38      2    95%
app/domains/mealplan/router.py                       44      2    95%
app/domains/mealplan/schemas.py                      65      1    98%
app/domains/mealplan/seed_prices.py                  32      3    91%
app/domains/mealplan/service.py                     340     12    96%
app/domains/notification/__init__.py                  0      0   100%
app/domains/notification/models.py                   45      0   100%
app/domains/notification/router.py                   30      0   100%
app/domains/notification/scheduler.py                52      3    94%
app/domains/notification/schemas.py                  64      2    97%
app/domains/notification/sender.py                   68      1    99%
app/domains/notification/service.py                 101      5    95%
app/domains/order/__init__.py                         0      0   100%
app/domains/order/models.py                          52      0   100%
app/domains/order/router.py                          57      2    96%
app/domains/order/schemas.py                         47      2    96%
app/domains/order/service.py                        411     51    88%
app/domains/store/__init__.py                         0      0   100%
app/domains/store/connection_models.py               18      0   100%
app/domains/store/connection_router.py               14      0   100%
app/domains/store/connection_schemas.py              13      0   100%
app/domains/store/connection_service.py              26      0   100%
app/domains/store/naver.py                           43      7    84%
app/domains/store/router.py                          14      1    93%
app/domains/store/schemas.py                         23      0   100%
app/domains/store/selector.py                        30     16    47%
app/domains/store/service.py                         36      3    92%
app/main.py                                          64      1    98%
---------------------------------------------------------------------
TOTAL                                              3916    216    94%
================ 547 passed, 619 warnings in 116.07s (0:01:56) =================
